<?xml version="1.0" encoding="UTF-8"?>
<!-- Generated by org.testng.reporters.JUnitReportReporter -->
<testsuite hostname="EGCA1-0091" failures="0" tests="2" name="test_cases.TestCase002_MakeDeposite" time="3.123" errors="0" timestamp="2022-11-27T01:29:01 EET" skipped="0">
  <testcase classname="test_cases.TestCase002_MakeDeposite" name="startApplication" time="1.813"/>
  <system-out/>
  <testcase classname="test_cases.TestCase002_MakeDeposite" name="makeNewDeposite" time="1.310"/>
  <system-out/>
</testsuite> <!-- test_cases.TestCase002_MakeDeposite -->
