<?xml version="1.0" encoding="UTF-8"?>
<!-- Generated by org.testng.reporters.JUnitReportReporter -->
<testsuite hostname="EGCA1-0091" failures="0" tests="2" name="test_cases.TestCase001_CustomerLogin" time="4.469" errors="0" timestamp="2022-11-27T01:29:01 EET" skipped="0">
  <testcase classname="test_cases.TestCase001_CustomerLogin" name="startApplication" time="2.266"/>
  <system-out/>
  <testcase classname="test_cases.TestCase001_CustomerLogin" name="customerLogin" time="2.203"/>
  <system-out/>
</testsuite> <!-- test_cases.TestCase001_CustomerLogin -->
