<?xml version="1.0" encoding="UTF-8"?>
<!-- Generated by org.testng.reporters.JUnitReportReporter -->
<testsuite hostname="EGCA1-0091" failures="0" tests="2" name="test_cases.TestCase004_CheckTransactionType" time="5.152" errors="0" timestamp="2023-02-06T10:38:03 EET" skipped="0">
  <testcase classname="test_cases.TestCase004_CheckTransactionType" name="startApplication" time="0.698"/>
  <system-out/>
  <testcase classname="test_cases.TestCase004_CheckTransactionType" name="checkTransactionType" time="4.454"/>
  <system-out/>
</testsuite> <!-- test_cases.TestCase004_CheckTransactionType -->
