<?xml version="1.0" encoding="UTF-8"?>
<!-- Generated by org.testng.reporters.JUnitReportReporter -->
<testsuite hostname="EGCA1-0091" failures="0" tests="2" name="test_cases.TestCase003_MakeWithdraw" time="3.429" errors="0" timestamp="2023-02-13T01:22:33 EET" skipped="0">
  <testcase classname="test_cases.TestCase003_MakeWithdraw" name="startApplication" time="0.664"/>
  <system-out/>
  <testcase classname="test_cases.TestCase003_MakeWithdraw" name="makeNewWithdraw" time="2.765"/>
  <system-out/>
</testsuite> <!-- test_cases.TestCase003_MakeWithdraw -->
