<?xml version="1.0" encoding="UTF-8"?>
<!-- Generated by org.testng.reporters.JUnitReportReporter -->
<testsuite skipped="2" hostname="EGCA1-0091" name="test_cases.TestCase002_MakeDeposite" tests="2" failures="0" timestamp="2023-04-06T05:31:47 EET" time="0.000" errors="0">
  <testcase name="startApplication" time="0.000" classname="test_cases.TestCase002_MakeDeposite">
    <skipped/>
  </testcase> <!-- startApplication -->
  <system-out/>
  <testcase name="makeNewDeposite" time="0.000" classname="test_cases.TestCase002_MakeDeposite">
    <skipped/>
  </testcase> <!-- makeNewDeposite -->
  <system-out/>
</testsuite> <!-- test_cases.TestCase002_MakeDeposite -->
