<?xml version="1.0" encoding="UTF-8"?>
<!-- Generated by org.testng.reporters.JUnitReportReporter -->
<testsuite hostname="fv-az1249-2" failures="0" tests="2" name="test_cases.TestCase002_MakeDeposite" time="0.000" errors="0" timestamp="2024-09-26T22:07:33 UTC" skipped="2">
  <testcase classname="test_cases.TestCase002_MakeDeposite" name="startApplication" time="0.000">
    <skipped/>
  </testcase> <!-- startApplication -->
  <system-out/>
  <testcase classname="test_cases.TestCase002_MakeDeposite" name="makeNewDeposite" time="0.000">
    <skipped/>
  </testcase> <!-- makeNewDeposite -->
  <system-out/>
</testsuite> <!-- test_cases.TestCase002_MakeDeposite -->
