<?xml version="1.0" encoding="UTF-8"?>
<!-- Generated by org.testng.reporters.JUnitReportReporter -->
<testsuite skipped="0" hostname="EGCA1-0091" name="test_cases.TestCase003_MakeWithdraw" tests="2" failures="0" timestamp="2022-11-27T02:03:52 EET" time="3.509" errors="0">
  <testcase name="startApplication" time="0.683" classname="test_cases.TestCase003_MakeWithdraw"/>
  <system-out/>
  <testcase name="makeNewWithdraw" time="2.826" classname="test_cases.TestCase003_MakeWithdraw"/>
  <system-out/>
</testsuite> <!-- test_cases.TestCase003_MakeWithdraw -->
