<?xml version="1.0" encoding="UTF-8"?>
<!-- Generated by org.testng.reporters.JUnitReportReporter -->
<testsuite skipped="0" hostname="EGCA1-0091" name="test_cases.TestCase002_MakeDeposite" tests="2" failures="0" timestamp="2022-11-21T11:28:18 EET" time="1.628" errors="0">
  <testcase name="startApplication" time="0.750" classname="test_cases.TestCase002_MakeDeposite"/>
  <system-out/>
  <testcase name="customerLogin" time="0.878" classname="test_cases.TestCase002_MakeDeposite"/>
  <system-out/>
</testsuite> <!-- test_cases.TestCase002_MakeDeposite -->
