<?xml version="1.0" encoding="UTF-8"?>
<!-- Generated by org.testng.reporters.JUnitReportReporter -->
<testsuite skipped="0" hostname="EGCA1-0091" name="test_cases.TestCase003_MakeWithdraw" tests="2" failures="0" timestamp="2023-02-01T05:31:24 EET" time="3.494" errors="0">
  <testcase name="startApplication" time="0.950" classname="test_cases.TestCase003_MakeWithdraw"/>
  <system-out/>
  <testcase name="makeNewWithdraw" time="2.544" classname="test_cases.TestCase003_MakeWithdraw"/>
  <system-out/>
</testsuite> <!-- test_cases.TestCase003_MakeWithdraw -->
