<?xml version="1.0" encoding="UTF-8"?>
<!-- Generated by org.testng.reporters.JUnitReportReporter -->
<testsuite hostname="fv-az1442-153" failures="0" tests="2" name="test_cases.TestCase001_CustomerLogin" time="1.174" errors="0" timestamp="2024-09-26T23:04:23 UTC" skipped="0">
  <testcase classname="test_cases.TestCase001_CustomerLogin" name="startApplication" time="0.468"/>
  <system-out/>
  <testcase classname="test_cases.TestCase001_CustomerLogin" name="customerLogin" time="0.706"/>
  <system-out/>
</testsuite> <!-- test_cases.TestCase001_CustomerLogin -->
