<?xml version="1.0" encoding="UTF-8"?>
<!-- Generated by org.testng.reporters.JUnitReportReporter -->
<testsuite hostname="fv-az1442-153" failures="0" tests="2" name="test_cases.TestCase003_MakeWithdraw" time="2.272" errors="0" timestamp="2024-09-26T23:04:23 UTC" skipped="0">
  <testcase classname="test_cases.TestCase003_MakeWithdraw" name="startApplication" time="0.009"/>
  <system-out/>
  <testcase classname="test_cases.TestCase003_MakeWithdraw" name="makeNewWithdraw" time="2.263"/>
  <system-out/>
</testsuite> <!-- test_cases.TestCase003_MakeWithdraw -->
