<?xml version="1.0" encoding="UTF-8"?>
<!-- Generated by org.testng.reporters.JUnitReportReporter -->
<testsuite hostname="fv-az1442-153" failures="0" tests="2" name="test_cases.TestCase003_MakeWithdraw" time="0.000" errors="0" timestamp="2024-09-26T21:59:27 UTC" skipped="2">
  <testcase classname="test_cases.TestCase003_MakeWithdraw" name="startApplication" time="0.000">
    <skipped/>
  </testcase> <!-- startApplication -->
  <system-out/>
  <testcase classname="test_cases.TestCase003_MakeWithdraw" name="makeNewWithdraw" time="0.000">
    <skipped/>
  </testcase> <!-- makeNewWithdraw -->
  <system-out/>
</testsuite> <!-- test_cases.TestCase003_MakeWithdraw -->
