<?xml version="1.0" encoding="UTF-8"?>
<!-- Generated by org.testng.reporters.JUnitReportReporter -->
<testsuite hostname="fv-az1242-730" failures="0" tests="2" name="test_cases.TestCase001_CustomerLogin" time="0.820" errors="0" timestamp="2024-09-26T22:49:04 UTC" skipped="0">
  <testcase classname="test_cases.TestCase001_CustomerLogin" name="startApplication" time="0.239"/>
  <system-out/>
  <testcase classname="test_cases.TestCase001_CustomerLogin" name="customerLogin" time="0.581"/>
  <system-out/>
</testsuite> <!-- test_cases.TestCase001_CustomerLogin -->
