<?xml version="1.0" encoding="UTF-8"?>
<!-- Generated by org.testng.reporters.JUnitReportReporter -->
<testsuite skipped="0" hostname="EGCA1-0091" name="test_cases.TestCase004_CheckTransactionType" tests="2" failures="0" timestamp="2023-01-27T05:31:21 EET" time="4.813" errors="0">
  <testcase name="startApplication" time="0.515" classname="test_cases.TestCase004_CheckTransactionType"/>
  <system-out/>
  <testcase name="checkTransactionType" time="4.298" classname="test_cases.TestCase004_CheckTransactionType"/>
  <system-out/>
</testsuite> <!-- test_cases.TestCase004_CheckTransactionType -->
