<?xml version="1.0" encoding="UTF-8"?>
<!-- Generated by org.testng.reporters.JUnitReportReporter -->
<testsuite skipped="0" hostname="EGCA1-0091" name="test_cases.TestCase001_CustomerLogin" tests="2" failures="0" timestamp="2022-11-27T02:03:52 EET" time="4.476" errors="0">
  <testcase name="startApplication" time="2.142" classname="test_cases.TestCase001_CustomerLogin"/>
  <system-out/>
  <testcase name="customerLogin" time="2.334" classname="test_cases.TestCase001_CustomerLogin"/>
  <system-out/>
</testsuite> <!-- test_cases.TestCase001_CustomerLogin -->
