<?xml version="1.0" encoding="UTF-8"?>
<!-- Generated by org.testng.reporters.JUnitReportReporter -->
<testsuite skipped="0" hostname="EGCA1-0091" name="test_cases.TestCase003_MakeWithdraw" tests="2" failures="0" timestamp="2022-10-28T22:41:53 EET" time="2.617" errors="0">
  <testcase name="startApplication" time="0.350" classname="test_cases.TestCase003_MakeWithdraw"/>
  <system-out/>
  <testcase name="customerLogin" time="2.267" classname="test_cases.TestCase003_MakeWithdraw"/>
  <system-out/>
</testsuite> <!-- test_cases.TestCase003_MakeWithdraw -->
