<?xml version="1.0" encoding="UTF-8"?>
<!-- Generated by org.testng.reporters.JUnitReportReporter -->
<testsuite hostname="EGCA2-9RRXSQ3" failures="0" tests="2" name="test_cases.TestCase001_CustomerLogin" time="5.761" errors="0" timestamp="2024-09-27T01:15:06 EEST" skipped="0">
  <testcase classname="test_cases.TestCase001_CustomerLogin" name="startApplication" time="3.714"/>
  <system-out/>
  <testcase classname="test_cases.TestCase001_CustomerLogin" name="customerLogin" time="2.047"/>
  <system-out/>
</testsuite> <!-- test_cases.TestCase001_CustomerLogin -->
