<?xml version="1.0" encoding="UTF-8"?>
<!-- Generated by org.testng.reporters.JUnitReportReporter -->
<testsuite hostname="EGCA2-9RRXSQ3" failures="0" tests="2" name="test_cases.TestCase002_MakeDeposite" time="1.077" errors="0" timestamp="2024-09-27T00:27:58 EEST" skipped="0">
  <testcase classname="test_cases.TestCase002_MakeDeposite" name="startApplication" time="0.033"/>
  <system-out/>
  <testcase classname="test_cases.TestCase002_MakeDeposite" name="makeNewDeposite" time="1.044"/>
  <system-out/>
</testsuite> <!-- test_cases.TestCase002_MakeDeposite -->
