<?xml version="1.0" encoding="UTF-8"?>
<!-- Generated by org.testng.reporters.JUnitReportReporter -->
<testsuite hostname="EGCA2-9RRXSQ3" failures="0" tests="2" name="test_cases.TestCase003_MakeWithdraw" time="2.910" errors="0" timestamp="2024-09-27T00:27:58 EEST" skipped="0">
  <testcase classname="test_cases.TestCase003_MakeWithdraw" name="startApplication" time="0.024"/>
  <system-out/>
  <testcase classname="test_cases.TestCase003_MakeWithdraw" name="makeNewWithdraw" time="2.886"/>
  <system-out/>
</testsuite> <!-- test_cases.TestCase003_MakeWithdraw -->
