<?xml version="1.0" encoding="UTF-8"?>
<!-- Generated by org.testng.reporters.JUnitReportReporter -->
<testsuite skipped="0" hostname="EGCA1-0091" name="test_cases.TestCase003_MakeWithdraw" tests="2" failures="0" timestamp="2022-12-03T05:31:20 EET" time="3.089" errors="0">
  <testcase name="startApplication" time="0.586" classname="test_cases.TestCase003_MakeWithdraw"/>
  <system-out/>
  <testcase name="makeNewWithdraw" time="2.503" classname="test_cases.TestCase003_MakeWithdraw"/>
  <system-out/>
</testsuite> <!-- test_cases.TestCase003_MakeWithdraw -->
