<?xml version="1.0" encoding="UTF-8"?>
<!-- Generated by org.testng.reporters.JUnitReportReporter -->
<testsuite skipped="0" hostname="EGCA1-0091" name="test_cases.TestCase003_MakeWithdraw" tests="2" failures="0" timestamp="2022-10-30T11:01:49 EET" time="2.669" errors="0">
  <testcase name="startApplication" time="0.420" classname="test_cases.TestCase003_MakeWithdraw"/>
  <system-out/>
  <testcase name="customerLogin" time="2.249" classname="test_cases.TestCase003_MakeWithdraw"/>
  <system-out/>
</testsuite> <!-- test_cases.TestCase003_MakeWithdraw -->
