<?xml version="1.0" encoding="UTF-8"?>
<!-- Generated by org.testng.reporters.JUnitReportReporter -->
<testsuite skipped="0" hostname="EGCA1-0091" name="test_cases.TestCase004_CheckTransactionType" tests="2" failures="0" timestamp="2022-12-03T05:31:20 EET" time="4.757" errors="0">
  <testcase name="startApplication" time="0.475" classname="test_cases.TestCase004_CheckTransactionType"/>
  <system-out/>
  <testcase name="checkTransactionType" time="4.282" classname="test_cases.TestCase004_CheckTransactionType"/>
  <system-out/>
</testsuite> <!-- test_cases.TestCase004_CheckTransactionType -->
