<?xml version="1.0" encoding="UTF-8"?>
<!-- Generated by org.testng.reporters.JUnitReportReporter -->
<testsuite hostname="fv-az1242-730" failures="0" tests="2" name="test_cases.TestCase004_CheckTransactionType" time="4.171" errors="0" timestamp="2024-09-26T22:49:04 UTC" skipped="0">
  <testcase classname="test_cases.TestCase004_CheckTransactionType" name="startApplication" time="0.010"/>
  <system-out/>
  <testcase classname="test_cases.TestCase004_CheckTransactionType" name="checkTransactionType" time="4.161"/>
  <system-out/>
</testsuite> <!-- test_cases.TestCase004_CheckTransactionType -->
