<?xml version="1.0" encoding="UTF-8"?>
<!-- Generated by org.testng.reporters.JUnitReportReporter -->
<testsuite skipped="0" hostname="EGCA1-0091" name="test_cases.TestCase002_MakeDeposite" tests="2" failures="0" timestamp="2022-10-28T22:41:53 EET" time="1.396" errors="0">
  <testcase name="startApplication" time="0.689" classname="test_cases.TestCase002_MakeDeposite"/>
  <system-out/>
  <testcase name="customerLogin" time="0.707" classname="test_cases.TestCase002_MakeDeposite"/>
  <system-out/>
</testsuite> <!-- test_cases.TestCase002_MakeDeposite -->
