<?xml version="1.0" encoding="UTF-8"?>
<!-- Generated by org.testng.reporters.JUnitReportReporter -->
<testsuite skipped="0" hostname="EGCA1-0091" name="test_cases.TestCase002_MakeDeposite" tests="2" failures="0" timestamp="2022-11-30T05:31:50 EET" time="1.346" errors="0">
  <testcase name="startApplication" time="0.565" classname="test_cases.TestCase002_MakeDeposite"/>
  <system-out/>
  <testcase name="makeNewDeposite" time="0.781" classname="test_cases.TestCase002_MakeDeposite"/>
  <system-out/>
</testsuite> <!-- test_cases.TestCase002_MakeDeposite -->
