<?xml version="1.0" encoding="UTF-8"?>
<!-- Generated by org.testng.reporters.JUnitReportReporter -->
<testsuite hostname="fv-az979-394" failures="0" tests="2" name="test_cases.TestCase003_MakeWithdraw" time="2.270" errors="0" timestamp="2024-09-26T22:17:34 UTC" skipped="0">
  <testcase classname="test_cases.TestCase003_MakeWithdraw" name="startApplication" time="0.022"/>
  <system-out/>
  <testcase classname="test_cases.TestCase003_MakeWithdraw" name="makeNewWithdraw" time="2.248"/>
  <system-out/>
</testsuite> <!-- test_cases.TestCase003_MakeWithdraw -->
