<?xml version="1.0" encoding="UTF-8"?>
<!-- Generated by org.testng.reporters.JUnitReportReporter -->
<testsuite hostname="EGCA2-9RRXSQ3" failures="0" tests="2" name="test_cases.TestCase001_CustomerLogin" time="7.438" errors="0" timestamp="2024-09-27T00:27:58 EEST" skipped="0">
  <testcase classname="test_cases.TestCase001_CustomerLogin" name="startApplication" time="4.660"/>
  <system-out/>
  <testcase classname="test_cases.TestCase001_CustomerLogin" name="customerLogin" time="2.778"/>
  <system-out/>
</testsuite> <!-- test_cases.TestCase001_CustomerLogin -->
