<?xml version="1.0" encoding="UTF-8"?>
<!-- Generated by org.testng.reporters.JUnitReportReporter -->
<testsuite hostname="fv-az1442-153" failures="0" tests="3" name="test_cases.TestCase001_CustomerLogin" time="0.795" errors="1" timestamp="2024-09-26T21:59:27 UTC" skipped="2">
  <testcase classname="test_cases.TestCase001_CustomerLogin" name="setupDriver" time="0.795">
    <error message="&#039;org.apache.commons.compress.archivers.tar.TarArchiveEntry org.apache.commons.compress.archivers.tar.TarArchiveInputStream.getNextEntry()&#039;" type="java.lang.NoSuchMethodError">
      <![CDATA[java.lang.NoSuchMethodError: 'org.apache.commons.compress.archivers.tar.TarArchiveEntry org.apache.commons.compress.archivers.tar.TarArchiveInputStream.getNextEntry()'
at io.github.bonigarcia.wdm.online.Downloader.unTarGz(Downloader.java:280)
at io.github.bonigarcia.wdm.online.Downloader.extract(Downloader.java:192)
at io.github.bonigarcia.wdm.online.Downloader.downloadAndExtract(Downloader.java:139)
at io.github.bonigarcia.wdm.online.Downloader.download(Downloader.java:91)
at io.github.bonigarcia.wdm.WebDriverManager.download(WebDriverManager.java:1273)
at io.github.bonigarcia.wdm.WebDriverManager.manage(WebDriverManager.java:1184)
at io.github.bonigarcia.wdm.WebDriverManager.setup(WebDriverManager.java:427)
at test_cases.TestBase.setupDriver(TestBase.java:66)
at java.base/jdk.internal.reflect.NativeMethodAccessorImpl.invoke0(Native Method)
at java.base/jdk.internal.reflect.NativeMethodAccessorImpl.invoke(NativeMethodAccessorImpl.java:77)
at java.base/jdk.internal.reflect.DelegatingMethodAccessorImpl.invoke(DelegatingMethodAccessorImpl.java:43)
at java.base/java.lang.reflect.Method.invoke(Method.java:569)
at org.testng.internal.invokers.MethodInvocationHelper.invokeMethod(MethodInvocationHelper.java:139)
at org.testng.internal.invokers.MethodInvocationHelper.invokeMethodConsideringTimeout(MethodInvocationHelper.java:69)
at org.testng.internal.invokers.ConfigInvoker.invokeConfigurationMethod(ConfigInvoker.java:361)
at org.testng.internal.invokers.ConfigInvoker.invokeConfigurations(ConfigInvoker.java:296)
at org.testng.TestRunner.invokeTestConfigurations(TestRunner.java:644)
at org.testng.TestRunner.beforeRun(TestRunner.java:633)
at org.testng.TestRunner.run(TestRunner.java:595)
at org.testng.SuiteRunner.runTest(SuiteRunner.java:437)
at org.testng.SuiteRunner$SuiteWorker.run(SuiteRunner.java:475)
at org.testng.internal.thread.ThreadUtil.lambda$execute$0(ThreadUtil.java:58)
at java.base/java.util.concurrent.FutureTask.run(FutureTask.java:264)
at java.base/java.util.concurrent.ThreadPoolExecutor.runWorker(ThreadPoolExecutor.java:1136)
at java.base/java.util.concurrent.ThreadPoolExecutor$Worker.run(ThreadPoolExecutor.java:635)
at java.base/java.lang.Thread.run(Thread.java:840)
]]>
    </error>
  </testcase> <!-- setupDriver -->
  <system-out/>
  <testcase classname="test_cases.TestCase001_CustomerLogin" name="startApplication" time="0.000">
    <skipped/>
  </testcase> <!-- startApplication -->
  <system-out/>
  <testcase classname="test_cases.TestCase001_CustomerLogin" name="customerLogin" time="0.000">
    <skipped/>
  </testcase> <!-- customerLogin -->
  <system-out/>
</testsuite> <!-- test_cases.TestCase001_CustomerLogin -->
