<?xml version="1.0" encoding="UTF-8"?>
<!-- Generated by org.testng.reporters.JUnitReportReporter -->
<testsuite skipped="0" hostname="EGCA1-0091" name="test_cases.TestCase002_MakeDeposite" tests="2" failures="0" timestamp="2022-10-28T20:19:14 EET" time="2.163" errors="0">
  <testcase name="startApplication" time="1.070" classname="test_cases.TestCase002_MakeDeposite"/>
  <system-out/>
  <testcase name="customerLogin" time="1.093" classname="test_cases.TestCase002_MakeDeposite"/>
  <system-out/>
</testsuite> <!-- test_cases.TestCase002_MakeDeposite -->
