<?xml version="1.0" encoding="UTF-8"?>
<!-- Generated by org.testng.reporters.JUnitReportReporter -->
<testsuite hostname="fv-az1442-153" failures="0" tests="2" name="test_cases.TestCase002_MakeDeposite" time="0.359" errors="0" timestamp="2024-09-26T23:04:23 UTC" skipped="0">
  <testcase classname="test_cases.TestCase002_MakeDeposite" name="startApplication" time="0.011"/>
  <system-out/>
  <testcase classname="test_cases.TestCase002_MakeDeposite" name="makeNewDeposite" time="0.348"/>
  <system-out/>
</testsuite> <!-- test_cases.TestCase002_MakeDeposite -->
