<?xml version="1.0" encoding="UTF-8"?>
<!-- Generated by org.testng.reporters.JUnitReportReporter -->
<testsuite skipped="0" hostname="EGCA1-0091" name="test_cases.TestCase001_CustomerLogin" tests="2" failures="0" timestamp="2022-11-21T11:28:18 EET" time="5.979" errors="0">
  <testcase name="startApplication" time="4.554" classname="test_cases.TestCase001_CustomerLogin"/>
  <system-out/>
  <testcase name="customerLogin" time="1.425" classname="test_cases.TestCase001_CustomerLogin"/>
  <system-out/>
</testsuite> <!-- test_cases.TestCase001_CustomerLogin -->
