<?xml version="1.0" encoding="UTF-8"?>
<!-- Generated by org.testng.reporters.JUnitReportReporter -->
<testsuite skipped="0" hostname="EGCA1-0091" name="test_cases.TestCase002_MakeDeposite" tests="2" failures="0" timestamp="2023-02-06T05:32:17 EET" time="1.868" errors="0">
  <testcase name="startApplication" time="0.701" classname="test_cases.TestCase002_MakeDeposite"/>
  <system-out/>
  <testcase name="makeNewDeposite" time="1.167" classname="test_cases.TestCase002_MakeDeposite"/>
  <system-out/>
</testsuite> <!-- test_cases.TestCase002_MakeDeposite -->
