<?xml version="1.0" encoding="UTF-8"?>
<!-- Generated by org.testng.reporters.JUnitReportReporter -->
<testsuite hostname="fv-az1149-879" failures="0" tests="2" name="test_cases.TestCase002_MakeDeposite" time="0.312" errors="0" timestamp="2024-09-26T22:32:58 UTC" skipped="0">
  <testcase classname="test_cases.TestCase002_MakeDeposite" name="startApplication" time="0.013"/>
  <system-out/>
  <testcase classname="test_cases.TestCase002_MakeDeposite" name="makeNewDeposite" time="0.299"/>
  <system-out/>
</testsuite> <!-- test_cases.TestCase002_MakeDeposite -->
